<?xml version="1.0" encoding="UTF-8"?>
<!-- Generated by org.testng.reporters.JUnitXMLReporter -->
<testsuite hostname="DEEP-1808222042" ignored="0" name="Test" tests="3" failures="0" timestamp="25 五月 2019 10:08:32 GMT" time="41.515" errors="0">
  <testcase name="testOne" time="2.257" classname="com.mail.test.DownloadTest2"/>
  <testcase name="testOne" time="8.683" classname="com.mail.test.DownloadTest"/>
  <testcase name="uplod" time="17.145" classname="com.mail.test.FileUploadVerify"/>
</testsuite> <!-- Test -->
