<?xml version="1.0" encoding="UTF-8"?>
<!-- Generated by org.testng.reporters.JUnitXMLReporter -->
<testsuite hostname="DEEP-1808222042" ignored="0" name="Test" tests="3" failures="0" timestamp="25 五月 2019 11:04:22 GMT" time="36.947" errors="0">
  <testcase name="testOne" time="3.082" classname="com.mail.test.DownloadTest2"/>
  <testcase name="testOne" time="12.226" classname="com.mail.test.DownloadTest"/>
  <testcase name="uplod" time="16.203" classname="com.mail.test.FileUploadVerify"/>
</testsuite> <!-- Test -->
