<?xml version="1.0" encoding="UTF-8"?>
<testng-results skipped="0" failed="1" ignored="0" total="3" passed="2">
  <reporter-output>
  </reporter-output>
  <suite name="Suite" duration-ms="50499" started-at="2019-05-27T12:51:00Z" finished-at="2019-05-27T12:51:51Z">
    <groups>
    </groups>
    <test name="Test" duration-ms="50499" started-at="2019-05-27T12:51:00Z" finished-at="2019-05-27T12:51:51Z">
      <class name="com.mail.test.FileUploadVerify">
        <test-method status="PASS" signature="beforeMethod()[pri:0, instance:com.mail.test.FileUploadVerify@243c4f91]" name="beforeMethod" is-config="true" duration-ms="8677" started-at="2019-05-27T12:51:24Z" finished-at="2019-05-27T12:51:32Z">
          <reporter-output>
          </reporter-output>
        </test-method> <!-- beforeMethod -->
        <test-method status="FAIL" signature="uplod()[pri:0, instance:com.mail.test.FileUploadVerify@243c4f91]" name="uplod" duration-ms="18223" started-at="2019-05-27T12:51:32Z" finished-at="2019-05-27T12:51:51Z">
          <exception class="java.lang.AssertionError">
            <message>
              <![CDATA[expected [true] but found [false]]]>
            </message>
            <full-stacktrace>
              <![CDATA[java.lang.AssertionError: expected [true] but found [false]
at org.testng.Assert.fail(Assert.java:96)
at org.testng.Assert.failNotEquals(Assert.java:776)
at org.testng.Assert.assertTrue(Assert.java:44)
at org.testng.Assert.assertTrue(Assert.java:54)
at com.mail.test.FileUploadVerify.uplod(FileUploadVerify.java:99)
at sun.reflect.NativeMethodAccessorImpl.invoke0(Native Method)
at sun.reflect.NativeMethodAccessorImpl.invoke(NativeMethodAccessorImpl.java:62)
at sun.reflect.DelegatingMethodAccessorImpl.invoke(DelegatingMethodAccessorImpl.java:43)
at java.lang.reflect.Method.invoke(Method.java:498)
at org.testng.internal.MethodInvocationHelper.invokeMethod(MethodInvocationHelper.java:124)
at org.testng.internal.Invoker.invokeMethod(Invoker.java:583)
at org.testng.internal.Invoker.invokeTestMethod(Invoker.java:719)
at org.testng.internal.Invoker.invokeTestMethods(Invoker.java:989)
at org.testng.internal.TestMethodWorker.invokeTestMethods(TestMethodWorker.java:125)
at org.testng.internal.TestMethodWorker.run(TestMethodWorker.java:109)
at org.testng.TestRunner.privateRun(TestRunner.java:648)
at org.testng.TestRunner.run(TestRunner.java:505)
at org.testng.SuiteRunner.runTest(SuiteRunner.java:455)
at org.testng.SuiteRunner.runSequentially(SuiteRunner.java:450)
at org.testng.SuiteRunner.privateRun(SuiteRunner.java:415)
at org.testng.SuiteRunner.run(SuiteRunner.java:364)
at org.testng.SuiteRunnerWorker.runSuite(SuiteRunnerWorker.java:52)
at org.testng.SuiteRunnerWorker.run(SuiteRunnerWorker.java:84)
at org.testng.TestNG.runSuitesSequentially(TestNG.java:1208)
at org.testng.TestNG.runSuitesLocally(TestNG.java:1137)
at org.testng.TestNG.runSuites(TestNG.java:1049)
at org.testng.TestNG.run(TestNG.java:1017)
at org.testng.remote.AbstractRemoteTestNG.run(AbstractRemoteTestNG.java:115)
at org.testng.remote.RemoteTestNG.initAndRun(RemoteTestNG.java:251)
at org.testng.remote.RemoteTestNG.main(RemoteTestNG.java:77)
]]>
            </full-stacktrace>
          </exception> <!-- java.lang.AssertionError -->
          <reporter-output>
          </reporter-output>
        </test-method> <!-- uplod -->
        <test-method status="PASS" signature="afterMethod()[pri:0, instance:com.mail.test.FileUploadVerify@243c4f91]" name="afterMethod" is-config="true" duration-ms="1" started-at="2019-05-27T12:51:51Z" finished-at="2019-05-27T12:51:51Z">
          <reporter-output>
          </reporter-output>
        </test-method> <!-- afterMethod -->
      </class> <!-- com.mail.test.FileUploadVerify -->
      <class name="com.mail.test.DownloadTest2">
        <test-method status="PASS" signature="beforeMethod()[pri:0, instance:com.mail.test.DownloadTest2@7722c3c3]" name="beforeMethod" is-config="true" duration-ms="8138" started-at="2019-05-27T12:51:00Z" finished-at="2019-05-27T12:51:08Z">
          <reporter-output>
          </reporter-output>
        </test-method> <!-- beforeMethod -->
        <test-method status="PASS" signature="testOne()[pri:0, instance:com.mail.test.DownloadTest2@7722c3c3]" name="testOne" duration-ms="2315" started-at="2019-05-27T12:51:08Z" finished-at="2019-05-27T12:51:11Z">
          <reporter-output>
          </reporter-output>
        </test-method> <!-- testOne -->
        <test-method status="PASS" signature="tearDown()[pri:0, instance:com.mail.test.DownloadTest2@7722c3c3]" name="tearDown" is-config="true" duration-ms="1115" started-at="2019-05-27T12:51:11Z" finished-at="2019-05-27T12:51:12Z">
          <reporter-output>
          </reporter-output>
        </test-method> <!-- tearDown -->
      </class> <!-- com.mail.test.DownloadTest2 -->
      <class name="com.mail.test.DownloadTest">
        <test-method status="PASS" signature="testOne()[pri:0, instance:com.mail.test.DownloadTest@2ef3eef9]" name="testOne" duration-ms="10791" started-at="2019-05-27T12:51:12Z" finished-at="2019-05-27T12:51:23Z">
          <reporter-output>
          </reporter-output>
        </test-method> <!-- testOne -->
        <test-method status="PASS" signature="tearDown()[pri:0, instance:com.mail.test.DownloadTest@2ef3eef9]" name="tearDown" is-config="true" duration-ms="1125" started-at="2019-05-27T12:51:23Z" finished-at="2019-05-27T12:51:24Z">
          <reporter-output>
          </reporter-output>
        </test-method> <!-- tearDown -->
      </class> <!-- com.mail.test.DownloadTest -->
    </test> <!-- Test -->
  </suite> <!-- Suite -->
</testng-results>
